# JRE version: Java(TM) SE Runtime Environment (8.0_131-b11) (build 1.8.0_131-b11)
# Java VM: Java HotSpot(TM) 64-Bit Server VM (25.131-b11 mixed mode linux-amd64 compressed oops)
Heap:
 PSYoungGen      total 267264K, used 72827K [0x00000000d7000000, 0x00000000eb680000, 0x0000000100000000)
  eden space 242688K, 30% used [0x00000000d7000000,0x00000000db71eeb8,0x00000000e5d00000)
  from space 24576K, 0% used [0x00000000e5d00000,0x00000000e5d00000,0x00000000e7500000)
  to   space 26624K, 0% used [0x00000000e9c80000,0x00000000e9c80000,0x00000000eb680000)
 ParOldGen       total 177152K, used 45639K [0x0000000085000000, 0x000000008fd00000, 0x00000000d7000000)
  object space 177152K, 25% used [0x0000000085000000,0x0000000087c91d58,0x000000008fd00000)
 Metaspace       used 59218K, capacity 60070K, committed 60824K, reserved 1101824K
  class space    used 7336K, capacity 7611K, committed 7680K, reserved 1048576K
GC Heap History (10 events):
Event: 5,678 GC heap before
{Heap before GC invocations=8 (full 1):
 PSYoungGen      total 189952K, used 121832K [0x00000000d7000000, 0x00000000e8600000, 0x0000000100000000)
  eden space 174592K, 60% used [0x00000000d7000000,0x00000000dd7fd9a0,0x00000000e1a80000)
  from space 15360K, 99% used [0x00000000e7700000,0x00000000e85fc6b0,0x00000000e8600000)
  to   space 18944K, 0% used [0x00000000e6100000,0x00000000e6100000,0x00000000e7380000)
 ParOldGen       total 82944K, used 23293K [0x0000000085000000, 0x000000008a100000, 0x00000000d7000000)
  object space 82944K, 28% used [0x0000000085000000,0x00000000866bf7b8,0x000000008a100000)
 Metaspace       used 34671K, capacity 35306K, committed 35496K, reserved 1081344K
  class space    used 4237K, capacity 4444K, committed 4480K, reserved 1048576K
Event: 5,699 GC heap after
Heap after GC invocations=8 (full 1):
 PSYoungGen      total 265728K, used 16223K [0x00000000d7000000, 0x00000000e8900000, 0x0000000100000000)
  eden space 246784K, 0% used [0x00000000d7000000,0x00000000d7000000,0x00000000e6100000)
  from space 18944K, 85% used [0x00000000e6100000,0x00000000e70d7d38,0x00000000e7380000)
  to   space 20480K, 0% used [0x00000000e7500000,0x00000000e7500000,0x00000000e8900000)
 ParOldGen       total 82944K, used 23301K [0x0000000085000000, 0x000000008a100000, 0x00000000d7000000)
  object space 82944K, 28% used [0x0000000085000000,0x00000000866c17b8,0x000000008a100000)
 Metaspace       used 34671K, capacity 35306K, committed 35496K, reserved 1081344K
  class space    used 4237K, capacity 4444K, committed 4480K, reserved 1048576K
}
Event: 5,699 GC heap before
{Heap before GC invocations=9 (full 2):
 PSYoungGen      total 265728K, used 16223K [0x00000000d7000000, 0x00000000e8900000, 0x0000000100000000)
  eden space 246784K, 0% used [0x00000000d7000000,0x00000000d7000000,0x00000000e6100000)
  from space 18944K, 85% used [0x00000000e6100000,0x00000000e70d7d38,0x00000000e7380000)
  to   space 20480K, 0% used [0x00000000e7500000,0x00000000e7500000,0x00000000e8900000)
 ParOldGen       total 82944K, used 23301K [0x0000000085000000, 0x000000008a100000, 0x00000000d7000000)
  object space 82944K, 28% used [0x0000000085000000,0x00000000866c17b8,0x000000008a100000)
 Metaspace       used 34671K, capacity 35306K, committed 35496K, reserved 1081344K
  class space    used 4237K, capacity 4444K, committed 4480K, reserved 1048576K
Event: 5,863 GC heap after
Heap after GC invocations=9 (full 2):
 PSYoungGen      total 265728K, used 0K [0x00000000d7000000, 0x00000000e8900000, 0x0000000100000000)
  eden space 246784K, 0% used [0x00000000d7000000,0x00000000d7000000,0x00000000e6100000)
  from space 18944K, 0% used [0x00000000e6100000,0x00000000e6100000,0x00000000e7380000)
  to   space 20480K, 0% used [0x00000000e7500000,0x00000000e7500000,0x00000000e8900000)
 ParOldGen       total 127488K, used 32463K [0x0000000085000000, 0x000000008cc80000, 0x00000000d7000000)
  object space 127488K, 25% used [0x0000000085000000,0x0000000086fb3f38,0x000000008cc80000)
 Metaspace       used 34671K, capacity 35306K, committed 35496K, reserved 1081344K
  class space    used 4237K, capacity 4444K, committed 4480K, reserved 1048576K
}
Event: 8,840 GC heap before
{Heap before GC invocations=10 (full 2):
 PSYoungGen      total 265728K, used 246784K [0x00000000d7000000, 0x00000000e8900000, 0x0000000100000000)
  eden space 246784K, 100% used [0x00000000d7000000,0x00000000e6100000,0x00000000e6100000)
  from space 18944K, 0% used [0x00000000e6100000,0x00000000e6100000,0x00000000e7380000)
  to   space 20480K, 0% used [0x00000000e7500000,0x00000000e7500000,0x00000000e8900000)
 ParOldGen       total 127488K, used 32463K [0x0000000085000000, 0x000000008cc80000, 0x00000000d7000000)
  object space 127488K, 25% used [0x0000000085000000,0x0000000086fb3f38,0x000000008cc80000)
 Metaspace       used 50002K, capacity 50806K, committed 51328K, reserved 1093632K
  class space    used 6230K, capacity 6493K, committed 6528K, reserved 1048576K
Event: 8,885 GC heap after
Heap after GC invocations=10 (full 2):
 PSYoungGen      total 263168K, used 20474K [0x00000000d7000000, 0x00000000eda00000, 0x0000000100000000)
  eden space 242688K, 0% used [0x00000000d7000000,0x00000000d7000000,0x00000000e5d00000)
  from space 20480K, 99% used [0x00000000e7500000,0x00000000e88fe870,0x00000000e8900000)
  to   space 24576K, 0% used [0x00000000e5d00000,0x00000000e5d00000,0x00000000e7500000)
 ParOldGen       total 127488K, used 34553K [0x0000000085000000, 0x000000008cc80000, 0x00000000d7000000)
  object space 127488K, 27% used [0x0000000085000000,0x00000000871be428,0x000000008cc80000)
 Metaspace       used 50002K, capacity 50806K, committed 51328K, reserved 1093632K
  class space    used 6230K, capacity 6493K, committed 6528K, reserved 1048576K
}
Event: 12,438 GC heap before
{Heap before GC invocations=11 (full 2):
 PSYoungGen      total 263168K, used 200225K [0x00000000d7000000, 0x00000000eda00000, 0x0000000100000000)
  eden space 242688K, 74% used [0x00000000d7000000,0x00000000e1f89d20,0x00000000e5d00000)
  from space 20480K, 99% used [0x00000000e7500000,0x00000000e88fe870,0x00000000e8900000)
  to   space 24576K, 0% used [0x00000000e5d00000,0x00000000e5d00000,0x00000000e7500000)
 ParOldGen       total 127488K, used 34553K [0x0000000085000000, 0x000000008cc80000, 0x00000000d7000000)
  object space 127488K, 27% used [0x0000000085000000,0x00000000871be428,0x000000008cc80000)
 Metaspace       used 57821K, capacity 58592K, committed 59160K, reserved 1101824K
  class space    used 7223K, capacity 7482K, committed 7552K, reserved 1048576K
Event: 12,464 GC heap after
Heap after GC invocations=11 (full 2):
 PSYoungGen      total 267264K, used 21366K [0x00000000d7000000, 0x00000000eb680000, 0x0000000100000000)
  eden space 242688K, 0% used [0x00000000d7000000,0x00000000d7000000,0x00000000e5d00000)
  from space 24576K, 86% used [0x00000000e5d00000,0x00000000e71dd988,0x00000000e7500000)
  to   space 26624K, 0% used [0x00000000e9c80000,0x00000000e9c80000,0x00000000eb680000)
 ParOldGen       total 127488K, used 34561K [0x0000000085000000, 0x000000008cc80000, 0x00000000d7000000)
  object space 127488K, 27% used [0x0000000085000000,0x00000000871c0428,0x000000008cc80000)
 Metaspace       used 57821K, capacity 58592K, committed 59160K, reserved 1101824K
  class space    used 7223K, capacity 7482K, committed 7552K, reserved 1048576K
}
Event: 12,464 GC heap before
{Heap before GC invocations=12 (full 3):
 PSYoungGen      total 267264K, used 21366K [0x00000000d7000000, 0x00000000eb680000, 0x0000000100000000)
  eden space 242688K, 0% used [0x00000000d7000000,0x00000000d7000000,0x00000000e5d00000)
  from space 24576K, 86% used [0x00000000e5d00000,0x00000000e71dd988,0x00000000e7500000)
  to   space 26624K, 0% used [0x00000000e9c80000,0x00000000e9c80000,0x00000000eb680000)
 ParOldGen       total 127488K, used 34561K [0x0000000085000000, 0x000000008cc80000, 0x00000000d7000000)
  object space 127488K, 27% used [0x0000000085000000,0x00000000871c0428,0x000000008cc80000)
 Metaspace       used 57821K, capacity 58592K, committed 59160K, reserved 1101824K
  class space    used 7223K, capacity 7482K, committed 7552K, reserved 1048576K
Event: 12,697 GC heap after
Heap after GC invocations=12 (full 3):
 PSYoungGen      total 267264K, used 0K [0x00000000d7000000, 0x00000000eb680000, 0x0000000100000000)
  eden space 242688K, 0% used [0x00000000d7000000,0x00000000d7000000,0x00000000e5d00000)
  from space 24576K, 0% used [0x00000000e5d00000,0x00000000e5d00000,0x00000000e7500000)
  to   space 26624K, 0% used [0x00000000e9c80000,0x00000000e9c80000,0x00000000eb680000)
 ParOldGen       total 177152K, used 45639K [0x0000000085000000, 0x000000008fd00000, 0x00000000d7000000)
  object space 177152K, 25% used [0x0000000085000000,0x0000000087c91d58,0x000000008fd00000)
 Metaspace       used 57821K, capacity 58592K, committed 59160K, reserved 1101824K
  class space    used 7223K, capacity 7482K, committed 7552K, reserved 1048576K
}

